{
	"name": "KeyError",
	"message": "('Prix m2 moyen (maisons)', 'Prix m2 moyen (appartements)')",
	"stack": "---------------------------------------------------------------------------
KeyError                                  Traceback (most recent call last)
File ~\\AppData\\Roaming\\Python\\Python311\\site-packages\\pandas\\core\\indexes\\base.py:3812, in Index.get_loc(self, key)
   3811 try:
-> 3812     return self._engine.get_loc(casted_key)
   3813 except KeyError as err:

File pandas/_libs/index.pyx:167, in pandas._libs.index.IndexEngine.get_loc()

File pandas/_libs/index.pyx:196, in pandas._libs.index.IndexEngine.get_loc()

File pandas/_libs/hashtable_class_helper.pxi:7088, in pandas._libs.hashtable.PyObjectHashTable.get_item()

File pandas/_libs/hashtable_class_helper.pxi:7096, in pandas._libs.hashtable.PyObjectHashTable.get_item()

KeyError: ('Prix m2 moyen (maisons)', 'Prix m2 moyen (appartements)')

The above exception was the direct cause of the following exception:

KeyError                                  Traceback (most recent call last)
Cell In[154], line 4
      2 df_MA_dep = df_MA_dep.drop(df_MA_dep.index[0])
      3 df_MA_dep.drop(columns = ['Loyer m2 moyen (maisons)','Loyer m2 moyen (appartements)'], errors='inplace')
----> 4 df_MA_dep[\"Prix m2 moyen (maisons)\", \"Prix m2 moyen (appartements)\"].groupby('DÃ©partements')

File ~\\AppData\\Roaming\\Python\\Python311\\site-packages\\pandas\\core\\frame.py:4107, in DataFrame.__getitem__(self, key)
   4105 if self.columns.nlevels > 1:
   4106     return self._getitem_multilevel(key)
-> 4107 indexer = self.columns.get_loc(key)
   4108 if is_integer(indexer):
   4109     indexer = [indexer]

File ~\\AppData\\Roaming\\Python\\Python311\\site-packages\\pandas\\core\\indexes\\base.py:3819, in Index.get_loc(self, key)
   3814     if isinstance(casted_key, slice) or (
   3815         isinstance(casted_key, abc.Iterable)
   3816         and any(isinstance(x, slice) for x in casted_key)
   3817     ):
   3818         raise InvalidIndexError(key)
-> 3819     raise KeyError(key) from err
   3820 except TypeError:
   3821     # If we have a listlike key, _check_indexing_error will raise
   3822     #  InvalidIndexError. Otherwise we fall through and re-raise
   3823     #  the TypeError.
   3824     self._check_indexing_error(key)

KeyError: ('Prix m2 moyen (maisons)', 'Prix m2 moyen (appartements)')"
}
